La génération a démarré 20/05/2011 08:47:07.
     1>Projet "C:\Users\bilel\Desktop\Mahmoud\Mahmoud\Documents\Visual Studio 2010\Projects\optimisation_algebrique\optimisation_algebrique\optimisation_algebrique.vcxproj" sur le nœud 2 (build cible(s)).
     1>InitializeBuildStatus:
         Création de "Debug\optimisation_algebrique.unsuccessfulbuild", car "AlwaysCreate" a été spécifié.
       ClCompile:
         C:\Program Files\Microsoft Visual Studio 10.0\VC\bin\CL.exe /c /ZI /nologo /W3 /WX- /Od /Oy- /D WIN32 /D _DEBUG /D _CONSOLE /D _UNICODE /D UNICODE /Gm /EHsc /RTC1 /MDd /GS /fp:precise /Zc:wchar_t /Zc:forScope /Fo"Debug\\" /Fd"Debug\vc100.pdb" /Gd /TP /analyze- /errorReport:prompt main.cpp
         main.cpp
     1>c:\users\bilel\desktop\mahmoud\mahmoud\documents\visual studio 2010\projects\optimisation_algebrique\optimisation_algebrique\definition.h(57): warning C4996: 'strcpy': This function or variable may be unsafe. Consider using strcpy_s instead. To disable deprecation, use _CRT_SECURE_NO_WARNINGS. See online help for details.
                 c:\program files\microsoft visual studio 10.0\vc\include\string.h(105) : voir la déclaration de 'strcpy'
     1>c:\users\bilel\desktop\mahmoud\mahmoud\documents\visual studio 2010\projects\optimisation_algebrique\optimisation_algebrique\definition.h(215): warning C4996: 'fopen': This function or variable may be unsafe. Consider using fopen_s instead. To disable deprecation, use _CRT_SECURE_NO_WARNINGS. See online help for details.
                 c:\program files\microsoft visual studio 10.0\vc\include\stdio.h(234) : voir la déclaration de 'fopen'
     1>c:\users\bilel\desktop\mahmoud\mahmoud\documents\visual studio 2010\projects\optimisation_algebrique\optimisation_algebrique\definition.h(254): warning C4996: 'fopen': This function or variable may be unsafe. Consider using fopen_s instead. To disable deprecation, use _CRT_SECURE_NO_WARNINGS. See online help for details.
                 c:\program files\microsoft visual studio 10.0\vc\include\stdio.h(234) : voir la déclaration de 'fopen'
     1>c:\users\bilel\desktop\mahmoud\mahmoud\documents\visual studio 2010\projects\optimisation_algebrique\optimisation_algebrique\definition.h(274): warning C4258: 'i' : définition provenant de la boucle for ignorée ; la définition provenant de la portée englobante est utilisée
                 c:\users\bilel\desktop\mahmoud\mahmoud\documents\visual studio 2010\projects\optimisation_algebrique\optimisation_algebrique\definition.h(271) : définition de 'i' ignorée
                 c:\users\bilel\desktop\mahmoud\mahmoud\documents\visual studio 2010\projects\optimisation_algebrique\optimisation_algebrique\definition.h(265) : définition de 'i' utilisée
     1>c:\users\bilel\desktop\mahmoud\mahmoud\documents\visual studio 2010\projects\optimisation_algebrique\optimisation_algebrique\definition.h(274): warning C4258: 'i' : définition provenant de la boucle for ignorée ; la définition provenant de la portée englobante est utilisée
                 c:\users\bilel\desktop\mahmoud\mahmoud\documents\visual studio 2010\projects\optimisation_algebrique\optimisation_algebrique\definition.h(271) : définition de 'i' ignorée
                 c:\users\bilel\desktop\mahmoud\mahmoud\documents\visual studio 2010\projects\optimisation_algebrique\optimisation_algebrique\definition.h(265) : définition de 'i' utilisée
     1>c:\users\bilel\desktop\mahmoud\mahmoud\documents\visual studio 2010\projects\optimisation_algebrique\optimisation_algebrique\definition.h(274): warning C4258: 'i' : définition provenant de la boucle for ignorée ; la définition provenant de la portée englobante est utilisée
                 c:\users\bilel\desktop\mahmoud\mahmoud\documents\visual studio 2010\projects\optimisation_algebrique\optimisation_algebrique\definition.h(271) : définition de 'i' ignorée
                 c:\users\bilel\desktop\mahmoud\mahmoud\documents\visual studio 2010\projects\optimisation_algebrique\optimisation_algebrique\definition.h(265) : définition de 'i' utilisée
     1>c:\users\bilel\desktop\mahmoud\mahmoud\documents\visual studio 2010\projects\optimisation_algebrique\optimisation_algebrique\definition.h(282): warning C4258: 'i' : définition provenant de la boucle for ignorée ; la définition provenant de la portée englobante est utilisée
                 c:\users\bilel\desktop\mahmoud\mahmoud\documents\visual studio 2010\projects\optimisation_algebrique\optimisation_algebrique\definition.h(271) : définition de 'i' ignorée
                 c:\users\bilel\desktop\mahmoud\mahmoud\documents\visual studio 2010\projects\optimisation_algebrique\optimisation_algebrique\definition.h(265) : définition de 'i' utilisée
     1>c:\users\bilel\desktop\mahmoud\mahmoud\documents\visual studio 2010\projects\optimisation_algebrique\optimisation_algebrique\definition.h(282): warning C4258: 'i' : définition provenant de la boucle for ignorée ; la définition provenant de la portée englobante est utilisée
                 c:\users\bilel\desktop\mahmoud\mahmoud\documents\visual studio 2010\projects\optimisation_algebrique\optimisation_algebrique\definition.h(271) : définition de 'i' ignorée
                 c:\users\bilel\desktop\mahmoud\mahmoud\documents\visual studio 2010\projects\optimisation_algebrique\optimisation_algebrique\definition.h(265) : définition de 'i' utilisée
     1>c:\users\bilel\desktop\mahmoud\mahmoud\documents\visual studio 2010\projects\optimisation_algebrique\optimisation_algebrique\definition.h(282): warning C4258: 'i' : définition provenant de la boucle for ignorée ; la définition provenant de la portée englobante est utilisée
                 c:\users\bilel\desktop\mahmoud\mahmoud\documents\visual studio 2010\projects\optimisation_algebrique\optimisation_algebrique\definition.h(271) : définition de 'i' ignorée
                 c:\users\bilel\desktop\mahmoud\mahmoud\documents\visual studio 2010\projects\optimisation_algebrique\optimisation_algebrique\definition.h(265) : définition de 'i' utilisée
     1>c:\users\bilel\desktop\mahmoud\mahmoud\documents\visual studio 2010\projects\optimisation_algebrique\optimisation_algebrique\definition.h(285): warning C4258: 'i' : définition provenant de la boucle for ignorée ; la définition provenant de la portée englobante est utilisée
                 c:\users\bilel\desktop\mahmoud\mahmoud\documents\visual studio 2010\projects\optimisation_algebrique\optimisation_algebrique\definition.h(271) : définition de 'i' ignorée
                 c:\users\bilel\desktop\mahmoud\mahmoud\documents\visual studio 2010\projects\optimisation_algebrique\optimisation_algebrique\definition.h(265) : définition de 'i' utilisée
     1>c:\users\bilel\desktop\mahmoud\mahmoud\documents\visual studio 2010\projects\optimisation_algebrique\optimisation_algebrique\definition.h(285): warning C4258: 'i' : définition provenant de la boucle for ignorée ; la définition provenant de la portée englobante est utilisée
                 c:\users\bilel\desktop\mahmoud\mahmoud\documents\visual studio 2010\projects\optimisation_algebrique\optimisation_algebrique\definition.h(271) : définition de 'i' ignorée
                 c:\users\bilel\desktop\mahmoud\mahmoud\documents\visual studio 2010\projects\optimisation_algebrique\optimisation_algebrique\definition.h(265) : définition de 'i' utilisée
     1>c:\users\bilel\desktop\mahmoud\mahmoud\documents\visual studio 2010\projects\optimisation_algebrique\optimisation_algebrique\definition.h(285): warning C4258: 'i' : définition provenant de la boucle for ignorée ; la définition provenant de la portée englobante est utilisée
                 c:\users\bilel\desktop\mahmoud\mahmoud\documents\visual studio 2010\projects\optimisation_algebrique\optimisation_algebrique\definition.h(271) : définition de 'i' ignorée
                 c:\users\bilel\desktop\mahmoud\mahmoud\documents\visual studio 2010\projects\optimisation_algebrique\optimisation_algebrique\definition.h(265) : définition de 'i' utilisée
     1>c:\users\bilel\desktop\mahmoud\mahmoud\documents\visual studio 2010\projects\optimisation_algebrique\optimisation_algebrique\definition.h(297): warning C4258: 'i' : définition provenant de la boucle for ignorée ; la définition provenant de la portée englobante est utilisée
                 c:\users\bilel\desktop\mahmoud\mahmoud\documents\visual studio 2010\projects\optimisation_algebrique\optimisation_algebrique\definition.h(294) : définition de 'i' ignorée
                 c:\users\bilel\desktop\mahmoud\mahmoud\documents\visual studio 2010\projects\optimisation_algebrique\optimisation_algebrique\definition.h(265) : définition de 'i' utilisée
     1>c:\users\bilel\desktop\mahmoud\mahmoud\documents\visual studio 2010\projects\optimisation_algebrique\optimisation_algebrique\definition.h(297): warning C4258: 'i' : définition provenant de la boucle for ignorée ; la définition provenant de la portée englobante est utilisée
                 c:\users\bilel\desktop\mahmoud\mahmoud\documents\visual studio 2010\projects\optimisation_algebrique\optimisation_algebrique\definition.h(294) : définition de 'i' ignorée
                 c:\users\bilel\desktop\mahmoud\mahmoud\documents\visual studio 2010\projects\optimisation_algebrique\optimisation_algebrique\definition.h(265) : définition de 'i' utilisée
     1>c:\users\bilel\desktop\mahmoud\mahmoud\documents\visual studio 2010\projects\optimisation_algebrique\optimisation_algebrique\definition.h(297): warning C4258: 'i' : définition provenant de la boucle for ignorée ; la définition provenant de la portée englobante est utilisée
                 c:\users\bilel\desktop\mahmoud\mahmoud\documents\visual studio 2010\projects\optimisation_algebrique\optimisation_algebrique\definition.h(294) : définition de 'i' ignorée
                 c:\users\bilel\desktop\mahmoud\mahmoud\documents\visual studio 2010\projects\optimisation_algebrique\optimisation_algebrique\definition.h(265) : définition de 'i' utilisée
     1>c:\users\bilel\desktop\mahmoud\mahmoud\documents\visual studio 2010\projects\optimisation_algebrique\optimisation_algebrique\definition.h(305): warning C4258: 'i' : définition provenant de la boucle for ignorée ; la définition provenant de la portée englobante est utilisée
                 c:\users\bilel\desktop\mahmoud\mahmoud\documents\visual studio 2010\projects\optimisation_algebrique\optimisation_algebrique\definition.h(294) : définition de 'i' ignorée
                 c:\users\bilel\desktop\mahmoud\mahmoud\documents\visual studio 2010\projects\optimisation_algebrique\optimisation_algebrique\definition.h(265) : définition de 'i' utilisée
     1>c:\users\bilel\desktop\mahmoud\mahmoud\documents\visual studio 2010\projects\optimisation_algebrique\optimisation_algebrique\definition.h(305): warning C4258: 'i' : définition provenant de la boucle for ignorée ; la définition provenant de la portée englobante est utilisée
                 c:\users\bilel\desktop\mahmoud\mahmoud\documents\visual studio 2010\projects\optimisation_algebrique\optimisation_algebrique\definition.h(294) : définition de 'i' ignorée
                 c:\users\bilel\desktop\mahmoud\mahmoud\documents\visual studio 2010\projects\optimisation_algebrique\optimisation_algebrique\definition.h(265) : définition de 'i' utilisée
     1>c:\users\bilel\desktop\mahmoud\mahmoud\documents\visual studio 2010\projects\optimisation_algebrique\optimisation_algebrique\definition.h(305): warning C4258: 'i' : définition provenant de la boucle for ignorée ; la définition provenant de la portée englobante est utilisée
                 c:\users\bilel\desktop\mahmoud\mahmoud\documents\visual studio 2010\projects\optimisation_algebrique\optimisation_algebrique\definition.h(294) : définition de 'i' ignorée
                 c:\users\bilel\desktop\mahmoud\mahmoud\documents\visual studio 2010\projects\optimisation_algebrique\optimisation_algebrique\definition.h(265) : définition de 'i' utilisée
     1>c:\users\bilel\desktop\mahmoud\mahmoud\documents\visual studio 2010\projects\optimisation_algebrique\optimisation_algebrique\definition.h(308): warning C4258: 'i' : définition provenant de la boucle for ignorée ; la définition provenant de la portée englobante est utilisée
                 c:\users\bilel\desktop\mahmoud\mahmoud\documents\visual studio 2010\projects\optimisation_algebrique\optimisation_algebrique\definition.h(294) : définition de 'i' ignorée
                 c:\users\bilel\desktop\mahmoud\mahmoud\documents\visual studio 2010\projects\optimisation_algebrique\optimisation_algebrique\definition.h(265) : définition de 'i' utilisée
     1>c:\users\bilel\desktop\mahmoud\mahmoud\documents\visual studio 2010\projects\optimisation_algebrique\optimisation_algebrique\definition.h(308): warning C4258: 'i' : définition provenant de la boucle for ignorée ; la définition provenant de la portée englobante est utilisée
                 c:\users\bilel\desktop\mahmoud\mahmoud\documents\visual studio 2010\projects\optimisation_algebrique\optimisation_algebrique\definition.h(294) : définition de 'i' ignorée
                 c:\users\bilel\desktop\mahmoud\mahmoud\documents\visual studio 2010\projects\optimisation_algebrique\optimisation_algebrique\definition.h(265) : définition de 'i' utilisée
     1>c:\users\bilel\desktop\mahmoud\mahmoud\documents\visual studio 2010\projects\optimisation_algebrique\optimisation_algebrique\definition.h(308): warning C4258: 'i' : définition provenant de la boucle for ignorée ; la définition provenant de la portée englobante est utilisée
                 c:\users\bilel\desktop\mahmoud\mahmoud\documents\visual studio 2010\projects\optimisation_algebrique\optimisation_algebrique\definition.h(294) : définition de 'i' ignorée
                 c:\users\bilel\desktop\mahmoud\mahmoud\documents\visual studio 2010\projects\optimisation_algebrique\optimisation_algebrique\definition.h(265) : définition de 'i' utilisée
     1>c:\users\bilel\desktop\mahmoud\mahmoud\documents\visual studio 2010\projects\optimisation_algebrique\optimisation_algebrique\definition.h(319): warning C4258: 'i' : définition provenant de la boucle for ignorée ; la définition provenant de la portée englobante est utilisée
                 c:\users\bilel\desktop\mahmoud\mahmoud\documents\visual studio 2010\projects\optimisation_algebrique\optimisation_algebrique\definition.h(316) : définition de 'i' ignorée
                 c:\users\bilel\desktop\mahmoud\mahmoud\documents\visual studio 2010\projects\optimisation_algebrique\optimisation_algebrique\definition.h(265) : définition de 'i' utilisée
     1>c:\users\bilel\desktop\mahmoud\mahmoud\documents\visual studio 2010\projects\optimisation_algebrique\optimisation_algebrique\definition.h(319): warning C4258: 'i' : définition provenant de la boucle for ignorée ; la définition provenant de la portée englobante est utilisée
                 c:\users\bilel\desktop\mahmoud\mahmoud\documents\visual studio 2010\projects\optimisation_algebrique\optimisation_algebrique\definition.h(316) : définition de 'i' ignorée
                 c:\users\bilel\desktop\mahmoud\mahmoud\documents\visual studio 2010\projects\optimisation_algebrique\optimisation_algebrique\definition.h(265) : définition de 'i' utilisée
     1>c:\users\bilel\desktop\mahmoud\mahmoud\documents\visual studio 2010\projects\optimisation_algebrique\optimisation_algebrique\definition.h(319): warning C4258: 'i' : définition provenant de la boucle for ignorée ; la définition provenant de la portée englobante est utilisée
                 c:\users\bilel\desktop\mahmoud\mahmoud\documents\visual studio 2010\projects\optimisation_algebrique\optimisation_algebrique\definition.h(316) : définition de 'i' ignorée
                 c:\users\bilel\desktop\mahmoud\mahmoud\documents\visual studio 2010\projects\optimisation_algebrique\optimisation_algebrique\definition.h(265) : définition de 'i' utilisée
     1>c:\users\bilel\desktop\mahmoud\mahmoud\documents\visual studio 2010\projects\optimisation_algebrique\optimisation_algebrique\definition.h(326): warning C4258: 'i' : définition provenant de la boucle for ignorée ; la définition provenant de la portée englobante est utilisée
                 c:\users\bilel\desktop\mahmoud\mahmoud\documents\visual studio 2010\projects\optimisation_algebrique\optimisation_algebrique\definition.h(316) : définition de 'i' ignorée
                 c:\users\bilel\desktop\mahmoud\mahmoud\documents\visual studio 2010\projects\optimisation_algebrique\optimisation_algebrique\definition.h(265) : définition de 'i' utilisée
     1>c:\users\bilel\desktop\mahmoud\mahmoud\documents\visual studio 2010\projects\optimisation_algebrique\optimisation_algebrique\definition.h(326): warning C4258: 'i' : définition provenant de la boucle for ignorée ; la définition provenant de la portée englobante est utilisée
                 c:\users\bilel\desktop\mahmoud\mahmoud\documents\visual studio 2010\projects\optimisation_algebrique\optimisation_algebrique\definition.h(316) : définition de 'i' ignorée
                 c:\users\bilel\desktop\mahmoud\mahmoud\documents\visual studio 2010\projects\optimisation_algebrique\optimisation_algebrique\definition.h(265) : définition de 'i' utilisée
     1>c:\users\bilel\desktop\mahmoud\mahmoud\documents\visual studio 2010\projects\optimisation_algebrique\optimisation_algebrique\definition.h(326): warning C4258: 'i' : définition provenant de la boucle for ignorée ; la définition provenant de la portée englobante est utilisée
                 c:\users\bilel\desktop\mahmoud\mahmoud\documents\visual studio 2010\projects\optimisation_algebrique\optimisation_algebrique\definition.h(316) : définition de 'i' ignorée
                 c:\users\bilel\desktop\mahmoud\mahmoud\documents\visual studio 2010\projects\optimisation_algebrique\optimisation_algebrique\definition.h(265) : définition de 'i' utilisée
     1>c:\users\bilel\desktop\mahmoud\mahmoud\documents\visual studio 2010\projects\optimisation_algebrique\optimisation_algebrique\definition.h(329): warning C4258: 'i' : définition provenant de la boucle for ignorée ; la définition provenant de la portée englobante est utilisée
                 c:\users\bilel\desktop\mahmoud\mahmoud\documents\visual studio 2010\projects\optimisation_algebrique\optimisation_algebrique\definition.h(316) : définition de 'i' ignorée
                 c:\users\bilel\desktop\mahmoud\mahmoud\documents\visual studio 2010\projects\optimisation_algebrique\optimisation_algebrique\definition.h(265) : définition de 'i' utilisée
     1>c:\users\bilel\desktop\mahmoud\mahmoud\documents\visual studio 2010\projects\optimisation_algebrique\optimisation_algebrique\definition.h(329): warning C4258: 'i' : définition provenant de la boucle for ignorée ; la définition provenant de la portée englobante est utilisée
                 c:\users\bilel\desktop\mahmoud\mahmoud\documents\visual studio 2010\projects\optimisation_algebrique\optimisation_algebrique\definition.h(316) : définition de 'i' ignorée
                 c:\users\bilel\desktop\mahmoud\mahmoud\documents\visual studio 2010\projects\optimisation_algebrique\optimisation_algebrique\definition.h(265) : définition de 'i' utilisée
     1>c:\users\bilel\desktop\mahmoud\mahmoud\documents\visual studio 2010\projects\optimisation_algebrique\optimisation_algebrique\definition.h(329): warning C4258: 'i' : définition provenant de la boucle for ignorée ; la définition provenant de la portée englobante est utilisée
                 c:\users\bilel\desktop\mahmoud\mahmoud\documents\visual studio 2010\projects\optimisation_algebrique\optimisation_algebrique\definition.h(316) : définition de 'i' ignorée
                 c:\users\bilel\desktop\mahmoud\mahmoud\documents\visual studio 2010\projects\optimisation_algebrique\optimisation_algebrique\definition.h(265) : définition de 'i' utilisée
     1>c:\users\bilel\desktop\mahmoud\mahmoud\documents\visual studio 2010\projects\optimisation_algebrique\optimisation_algebrique\definition.h(342): warning C4258: 'i' : définition provenant de la boucle for ignorée ; la définition provenant de la portée englobante est utilisée
                 c:\users\bilel\desktop\mahmoud\mahmoud\documents\visual studio 2010\projects\optimisation_algebrique\optimisation_algebrique\definition.h(337) : définition de 'i' ignorée
                 c:\users\bilel\desktop\mahmoud\mahmoud\documents\visual studio 2010\projects\optimisation_algebrique\optimisation_algebrique\definition.h(265) : définition de 'i' utilisée
     1>c:\users\bilel\desktop\mahmoud\mahmoud\documents\visual studio 2010\projects\optimisation_algebrique\optimisation_algebrique\definition.h(342): warning C4258: 'i' : définition provenant de la boucle for ignorée ; la définition provenant de la portée englobante est utilisée
                 c:\users\bilel\desktop\mahmoud\mahmoud\documents\visual studio 2010\projects\optimisation_algebrique\optimisation_algebrique\definition.h(337) : définition de 'i' ignorée
                 c:\users\bilel\desktop\mahmoud\mahmoud\documents\visual studio 2010\projects\optimisation_algebrique\optimisation_algebrique\definition.h(265) : définition de 'i' utilisée
     1>c:\users\bilel\desktop\mahmoud\mahmoud\documents\visual studio 2010\projects\optimisation_algebrique\optimisation_algebrique\definition.h(342): warning C4258: 'i' : définition provenant de la boucle for ignorée ; la définition provenant de la portée englobante est utilisée
                 c:\users\bilel\desktop\mahmoud\mahmoud\documents\visual studio 2010\projects\optimisation_algebrique\optimisation_algebrique\definition.h(337) : définition de 'i' ignorée
                 c:\users\bilel\desktop\mahmoud\mahmoud\documents\visual studio 2010\projects\optimisation_algebrique\optimisation_algebrique\definition.h(265) : définition de 'i' utilisée
     1>c:\users\bilel\desktop\mahmoud\mahmoud\documents\visual studio 2010\projects\optimisation_algebrique\optimisation_algebrique\definition.h(391): warning C4996: 'strcpy': This function or variable may be unsafe. Consider using strcpy_s instead. To disable deprecation, use _CRT_SECURE_NO_WARNINGS. See online help for details.
                 c:\program files\microsoft visual studio 10.0\vc\include\string.h(105) : voir la déclaration de 'strcpy'
     1>c:\users\bilel\desktop\mahmoud\mahmoud\documents\visual studio 2010\projects\optimisation_algebrique\optimisation_algebrique\definition.h(457): warning C4996: 'strcpy': This function or variable may be unsafe. Consider using strcpy_s instead. To disable deprecation, use _CRT_SECURE_NO_WARNINGS. See online help for details.
                 c:\program files\microsoft visual studio 10.0\vc\include\string.h(105) : voir la déclaration de 'strcpy'
     1>c:\users\bilel\desktop\mahmoud\mahmoud\documents\visual studio 2010\projects\optimisation_algebrique\optimisation_algebrique\definition.h(458): warning C4996: 'strcpy': This function or variable may be unsafe. Consider using strcpy_s instead. To disable deprecation, use _CRT_SECURE_NO_WARNINGS. See online help for details.
                 c:\program files\microsoft visual studio 10.0\vc\include\string.h(105) : voir la déclaration de 'strcpy'
     1>c:\users\bilel\desktop\mahmoud\mahmoud\documents\visual studio 2010\projects\optimisation_algebrique\optimisation_algebrique\definition.h(487): warning C4996: 'strcpy': This function or variable may be unsafe. Consider using strcpy_s instead. To disable deprecation, use _CRT_SECURE_NO_WARNINGS. See online help for details.
                 c:\program files\microsoft visual studio 10.0\vc\include\string.h(105) : voir la déclaration de 'strcpy'
     1>c:\users\bilel\desktop\mahmoud\mahmoud\documents\visual studio 2010\projects\optimisation_algebrique\optimisation_algebrique\definition.h(488): warning C4996: 'strcpy': This function or variable may be unsafe. Consider using strcpy_s instead. To disable deprecation, use _CRT_SECURE_NO_WARNINGS. See online help for details.
                 c:\program files\microsoft visual studio 10.0\vc\include\string.h(105) : voir la déclaration de 'strcpy'
     1>c:\users\bilel\desktop\mahmoud\mahmoud\documents\visual studio 2010\projects\optimisation_algebrique\optimisation_algebrique\definition.h(518): warning C4996: 'strcpy': This function or variable may be unsafe. Consider using strcpy_s instead. To disable deprecation, use _CRT_SECURE_NO_WARNINGS. See online help for details.
                 c:\program files\microsoft visual studio 10.0\vc\include\string.h(105) : voir la déclaration de 'strcpy'
     1>c:\users\bilel\desktop\mahmoud\mahmoud\documents\visual studio 2010\projects\optimisation_algebrique\optimisation_algebrique\definition.h(519): warning C4996: 'strcpy': This function or variable may be unsafe. Consider using strcpy_s instead. To disable deprecation, use _CRT_SECURE_NO_WARNINGS. See online help for details.
                 c:\program files\microsoft visual studio 10.0\vc\include\string.h(105) : voir la déclaration de 'strcpy'
     1>c:\users\bilel\desktop\mahmoud\mahmoud\documents\visual studio 2010\projects\optimisation_algebrique\optimisation_algebrique\definition.h(549): warning C4996: 'strcpy': This function or variable may be unsafe. Consider using strcpy_s instead. To disable deprecation, use _CRT_SECURE_NO_WARNINGS. See online help for details.
                 c:\program files\microsoft visual studio 10.0\vc\include\string.h(105) : voir la déclaration de 'strcpy'
     1>c:\users\bilel\desktop\mahmoud\mahmoud\documents\visual studio 2010\projects\optimisation_algebrique\optimisation_algebrique\definition.h(550): warning C4996: 'strcpy': This function or variable may be unsafe. Consider using strcpy_s instead. To disable deprecation, use _CRT_SECURE_NO_WARNINGS. See online help for details.
                 c:\program files\microsoft visual studio 10.0\vc\include\string.h(105) : voir la déclaration de 'strcpy'
     1>c:\users\bilel\desktop\mahmoud\mahmoud\documents\visual studio 2010\projects\optimisation_algebrique\optimisation_algebrique\definition.h(578): warning C4996: 'strcpy': This function or variable may be unsafe. Consider using strcpy_s instead. To disable deprecation, use _CRT_SECURE_NO_WARNINGS. See online help for details.
                 c:\program files\microsoft visual studio 10.0\vc\include\string.h(105) : voir la déclaration de 'strcpy'
     1>c:\users\bilel\desktop\mahmoud\mahmoud\documents\visual studio 2010\projects\optimisation_algebrique\optimisation_algebrique\definition.h(579): warning C4996: 'strcpy': This function or variable may be unsafe. Consider using strcpy_s instead. To disable deprecation, use _CRT_SECURE_NO_WARNINGS. See online help for details.
                 c:\program files\microsoft visual studio 10.0\vc\include\string.h(105) : voir la déclaration de 'strcpy'
     1>c:\users\bilel\desktop\mahmoud\mahmoud\documents\visual studio 2010\projects\optimisation_algebrique\optimisation_algebrique\main.cpp(4): warning C4101: 'nb_tt' : variable locale non référencée
     1>c:\users\bilel\desktop\mahmoud\mahmoud\documents\visual studio 2010\projects\optimisation_algebrique\optimisation_algebrique\definition.h(240): warning C4715: 'noeud::maximum' : les chemins de contrôle ne retournent pas tous une valeur
       ManifestResourceCompile:
         Toutes les sorties sont à jour.
       Link:
         C:\Program Files\Microsoft Visual Studio 10.0\VC\bin\link.exe /ERRORREPORT:PROMPT /OUT:"C:\Users\bilel\Desktop\Mahmoud\Mahmoud\Documents\Visual Studio 2010\Projects\optimisation_algebrique\Debug\optimisation_algebrique.exe" /INCREMENTAL /NOLOGO kernel32.lib user32.lib gdi32.lib winspool.lib comdlg32.lib advapi32.lib shell32.lib ole32.lib oleaut32.lib uuid.lib odbc32.lib odbccp32.lib /MANIFEST /ManifestFile:"Debug\optimisation_algebrique.exe.intermediate.manifest" /MANIFESTUAC:"level='asInvoker' uiAccess='false'" /DEBUG /PDB:"C:\Users\bilel\Desktop\Mahmoud\Mahmoud\Documents\Visual Studio 2010\Projects\optimisation_algebrique\Debug\optimisation_algebrique.pdb" /SUBSYSTEM:CONSOLE /TLBID:1 /DYNAMICBASE /NXCOMPAT /IMPLIB:"C:\Users\bilel\Desktop\Mahmoud\Mahmoud\Documents\Visual Studio 2010\Projects\optimisation_algebrique\Debug\optimisation_algebrique.lib" /MACHINE:X86 Debug\optimisation_algebrique.exe.embed.manifest.res
         Debug\main.obj
       Manifest:
         C:\Program Files\Microsoft SDKs\Windows\v7.0A\bin\mt.exe /nologo /verbose /out:"Debug\optimisation_algebrique.exe.embed.manifest" /manifest Debug\optimisation_algebrique.exe.intermediate.manifest
         Toutes les sorties sont à jour.
       LinkEmbedManifest:
         Toutes les sorties sont à jour.
         optimisation_algebrique.vcxproj -> C:\Users\bilel\Desktop\Mahmoud\Mahmoud\Documents\Visual Studio 2010\Projects\optimisation_algebrique\Debug\optimisation_algebrique.exe
       FinalizeBuildStatus:
         Suppression du fichier "Debug\optimisation_algebrique.unsuccessfulbuild".
         Mise à jour de l'horodatage "Debug\optimisation_algebrique.lastbuildstate".
     1>Génération du projet "C:\Users\bilel\Desktop\Mahmoud\Mahmoud\Documents\Visual Studio 2010\Projects\optimisation_algebrique\optimisation_algebrique\optimisation_algebrique.vcxproj" terminée (build cible(s)).

La génération a réussi.

Temps écoulé 00:00:12.14
